0 info it worked if it ends with ok
1 verbose cli [ 'node', '/usr/local/bin/npm', 'install' ]
2 info using npm@1.3.15
3 info using node@v0.11.9
4 error install Couldn't read dependencies
5 error Failed to parse json
5 error Unexpected token /
6 error File: /Users/jiejie/workspace/node-webkit/music/package.json
7 error Failed to parse package.json data.
7 error package.json must be actual JSON, not just JavaScript.
7 error
7 error This is not a bug in npm.
7 error Tell the package author to fix their package.json file. JSON.parse
8 error System Darwin 13.3.0
9 error command "node" "/usr/local/bin/npm" "install"
10 error cwd /Users/jiejie/workspace/node-webkit/music
11 error node -v v0.11.9
12 error npm -v 1.3.15
13 error file /Users/jiejie/workspace/node-webkit/music/package.json
14 error code EJSONPARSE
15 verbose exit [ 1, true ]
